{"/Users/matthew.oluwajuwon/Documents/personal/react-production-setup/src/shared/layout/layout.tsx": {"path":"/Users/matthew.oluwajuwon/Documents/personal/react-production-setup/src/shared/layout/layout.tsx","all":false,"statementMap":{"2":{"start":{"line":3,"column":0},"end":{"line":3,"column":64}},"3":{"start":{"line":4,"column":0},"end":{"line":4,"column":83}},"4":{"start":{"line":5,"column":0},"end":{"line":5,"column":1}}},"s":{"2":1,"3":2,"4":2},"branchMap":{"0":{"type":"branch","line":3,"loc":{"start":{"line":3,"column":45},"end":{"line":5,"column":1}},"locations":[{"start":{"line":3,"column":45},"end":{"line":5,"column":1}}]}},"b":{"0":[2]},"fnMap":{"0":{"name":"Layout","decl":{"start":{"line":3,"column":45},"end":{"line":5,"column":1}},"loc":{"start":{"line":3,"column":45},"end":{"line":5,"column":1}},"line":3}},"f":{"0":2}}
}
